<?xml version="1.0" encoding="UTF-8"?>
<testng-results ignored="0" total="0" passed="0" failed="0" skipped="0">
  <reporter-output>
  </reporter-output>
  <suite started-at="2023-02-17T13:00:57 EET" name="SuitaTestNG" finished-at="2023-02-17T13:00:57 EET" duration-ms="12">
    <groups>
    </groups>
    <test started-at="2023-02-17T13:00:57 EET" name="CuraHealthTests" finished-at="2023-02-17T13:00:57 EET" duration-ms="12">
    </test> <!-- CuraHealthTests -->
  </suite> <!-- SuitaTestNG -->
</testng-results>
